https://play.google.com/store/apps
https://play.google.com/store/apps/category/FAMILY
https://play.google.com/store/apps?device=phone
https://play.google.com/store/apps?device=tablet
https://play.google.com/store/apps?device=tv
https://play.google.com/store/apps?device=chromebook
https://play.google.com/store/apps?device=watch
https://play.google.com/store/apps?device=car
https://play.google.com/store/apps/details?id=com.google.android.apps.photos
https://play.google.com/store/apps/details?id=com.netflix.mediaclient
https://play.google.com/store/apps/details?id=com.pinterest
https://play.google.com/store/apps/details?id=tv.pluto.android
https://play.google.com/store/apps/details?id=com.socialnmobile.dictapps.notepad.color.note
https://play.google.com/store/apps/details?id=com.soundcloud.android
https://play.google.com/store/apps/details?id=com.google.android.apps.tachyon
https://play.google.com/store/apps/details?id=org.wikipedia
https://play.google.com/store/apps/details?id=tv.twitch.android.app
https://play.google.com/store/apps/details?id=com.disney.disneyplus
https://play.google.com/store/apps/details?id=com.joytunes.simplypiano
https://play.google.com/store/apps/details?id=wp.wattpad
https://play.google.com/store/apps/details?id=com.canva.editor
https://play.google.com/store/apps/details?id=com.amazon.avod.thirdpartyclient
https://play.google.com/store/apps/details?id=no.mobitroll.kahoot.android
https://play.google.com/store/apps/details?id=com.nvidia.geforcenow
https://play.google.com/store/apps/details?id=com.adobe.reader
https://play.google.com/store/apps/details?id=com.amazon.mShop.android.shopping
https://play.google.com/store/apps/details?id=com.reddit.frontpage
https://play.google.com/store/apps/details?id=com.mixvibes.remixlive
https://play.google.com/store/apps/details?id=com.hbo.hbonow
https://play.google.com/store/apps/details?id=com.twitter.android
https://play.google.com/store/apps/details?id=com.ebay.mobile
https://play.google.com/store/apps/details?id=com.google.android.apps.youtube.music.pwa
https://play.google.com/store/apps/details?id=com.peacocktv.peacockandroid
https://play.google.com/store/apps/details?id=com.hulu.plus
https://play.google.com/store/apps/details?id=com.wemesh.android
https://play.google.com/store/apps/details?id=us.zoom.pwa.twa
https://play.google.com/store/apps/details?id=com.viettran.INKredible
https://play.google.com/store/apps/details?id=com.realtimeboard
https://play.google.com/store/apps/details?id=com.dropbox.android
https://play.google.com/store/apps/details?id=pl.solidexplorer2
https://play.google.com/store/apps/details?id=cc.arduino.cloudiot
https://play.google.com/store/apps/details?id=com.docusign.ink
https://play.google.com/store/apps/details?id=com.evernote
https://play.google.com/store/apps/details?id=com.cisco.webex.meetings
https://play.google.com/store/apps/details?id=com.xodo.pdf.reader
https://play.google.com/store/apps/details?id=com.tynker.TynkerBlockCoding
https://play.google.com/store/apps/details?id=com.todoist
https://play.google.com/store/apps/details?id=com.autodesk.autocadws
https://play.google.com/store/apps/details?id=com.dashlane
https://play.google.com/store/apps/details?id=org.jitsi.meet
https://play.google.com/store/apps/details?id=com.clipchamp.app
https://play.google.com/store/apps/details?id=com.adobe.lrmobile
https://play.google.com/store/apps/details?id=com.bandlab.bandlab
https://play.google.com/store/apps/details?id=com.sofarsogood.incredibox
https://play.google.com/store/apps/details?id=com.soundtrap.studioapp
https://play.google.com/store/apps/details?id=com.deplike.andrig
https://play.google.com/store/apps/details?id=org.scratch
https://play.google.com/store/apps/details?id=com.mixvibes.crossdjapp
https://play.google.com/store/apps/details?id=com.beatport.dj.twa
https://play.google.com/store/apps/details?id=com.ampedstudio.app.twa
https://play.google.com/store/apps/details?id=com.tayasui.sketches
https://play.google.com/store/apps/details?id=com.tophatch.concepts
https://play.google.com/store/apps/details?id=com.bytestorm.artflow
https://play.google.com/store/apps/details?id=com.houzz.app
https://play.google.com/store/apps/details?id=com.steinberg.cubasis3
https://play.google.com/store/apps/details?id=jp.co.celsys.clipstudiopaint.googleplay
https://play.google.com/store/apps/details?id=com.soundcloud.twa
https://play.google.com/store/apps/details?id=com.imageline.FLM
https://play.google.com/store/apps/details?id=com.beatport.mobile