https://play.google.com/store/apps/details?id=com.snapchat.android
https://play.google.com/store/apps/details?id=com.microsoft.windowsintune.companyportal
https://play.google.com/store/apps/details?id=com.facebook.orca
https://play.google.com/store/apps/details?id=com.facebook.lite
https://play.google.com/store/apps/details?id=com.microsoft.outlooklite
https://play.google.com/store/apps/details?id=com.picsart.studio
https://play.google.com/store/apps/details?id=app.over.editor
https://play.google.com/store/apps/details?id=com.noctuasoftware.stellarium_free
https://play.google.com/store/apps/details?id=com.google.android.apps.classroom
https://play.google.com/store/apps/details?id=com.plantparentai.app
https://play.google.com/store/apps/details?id=cn.danatech.xingseus
https://play.google.com/store/apps/details?id=com.vitotechnology.StarWalk2Free
https://play.google.com/store/apps/details?id=com.studysmarter
https://play.google.com/store/apps/details?id=com.AnatomyLearning.Anatomy3DViewer3
https://play.google.com/store/apps/details?id=com.microsoft.math
https://play.google.com/store/apps/details?id=com.conceptivapps.blossom
https://play.google.com/store/apps/details?id=com.academia.academia
https://play.google.com/store/apps/details?id=com.joytunes.simplyguitar
https://play.google.com/store/apps/details?id=com.google.android.apps.cultural
https://play.google.com/store/apps/details?id=com.moodle.moodlemobile
https://play.google.com/store/apps/details?id=com.atistudios.mondly.languages
https://play.google.com/store/apps/details?id=juntadeandalucia.ced.pasen
https://play.google.com/store/apps/details?id=com.scaleup.plantid