https://play.google.com/store/games
https://policies.google.com/privacy
https://myaccount.google.com/termsofservice
https://play.google.com/store/apps
https://play.google.com/store/movies
https://play.google.com/store/books
https://play.google.com/store/apps/category/FAMILY
https://play.google.com/store/apps/dev?id=5953899060857093739
https://play.google.com/store/apps/category/GAME_EDUCATIONAL
https://play.google.com/store/search?q=Juegos+de+lenguaje&c=apps
https://play.google.com/store/apps/category/GAME_CASUAL
https://play.google.com/store/search?q=Juegos+de+un+jugador&c=apps
https://play.google.com/store/search?q=Juegos+estilizados&c=apps
https://play.google.com/store/search?q=Juegos+de+dibujos+animados&c=apps
https://play.google.com/store/search?q=Juegos+sin+conexi%C3%B3n&c=apps
https://play.google.com/store/apps/datasafety?id=com.iz.kids.word.search.games.spelling.words.vocabulary.letters.kindergarten.preschool.learning
https://support.google.com/googleplay?p=data-safety&hl=es
https://support.google.com/googleplay/?p=report_content
http://www.idzdigital.com/
mailto:support@idzdigital.com
https://maps.google.com/?q=607,%20Western%20Edge%20II,%20Borivali%20%28E%29,%20Mumbai%20400066,%20India
http://www.idzdigital.com/privacypolicy.php
https://play.google.com/store/apps/collection/cluster?gsr=SoYBahhrOW9CL05HNHRhYUN6VHVmQ2IvRHpRPT3CAmkKYwpfY29tLml6LmtpZHMud29yZC5zZWFyY2guZ2FtZXMuc3BlbGxpbmcud29yZHMudm9jYWJ1bGFyeS5sZXR0ZXJzLmtpbmRlcmdhcnRlbi5wcmVzY2hvb2wubGVhcm5pbmcQBxgIMAE%3D:S:ANO1ljJ2vuo
https://play.google.com/store/apps/details?id=com.rvappstudios.sight.words.phonics.reading.kids.games
https://play.google.com/store/apps/details?id=com.rvappstudios.abc.spelling.toddler.spell.phonics
https://play.google.com/store/apps/details?id=com.rvappstudios.math.games.kids.addition.subtraction.multiplication.division
https://play.google.com/store/apps/details?id=com.genngoldman.englishru
https://play.google.com/store/apps/details?id=com.kevinbradford.games.secondgradefree
https://play.google.com/store/apps/details?id=com.rvappstudios.baby.toddler.kids.games.learning.activity
https://play.google.com/store/apps/details?id=com.iz.my.doctor.hospital.kids.world.life.town.pretend.play.games
https://play.google.com/store/apps/details?id=com.iz.tizi.royal.princess.dollhouse.life.games.home.design.world.my.wonder.town
https://play.google.com/store/apps/details?id=com.iz.cat.kitty.kitten.wonder.world.my.pretend.play.town.games.life
https://play.google.com/store/apps/details?id=com.baby.toddler.games
https://play.google.com/store/apps/details?id=com.iz.baby.games.kids.toddler.learning.shark.puzzle.game
https://play.google.com/store/apps/details?id=com.idz.additionsubtractiongames
https://play.google.com/about/play-pass
https://play.google.com/store/points/enroll
https://play.google.com/about/giftcards
https://play.google.com/redeem
https://support.google.com/googleplay/answer/134336
https://support.google.com/googleplay?p=pff_parentguide
https://support.google.com/googleplay/answer/7007852
https://play.google.com/intl/es_es/about/play-terms.html
https://support.google.com/googleplay/?p=about_play
http://developer.android.com/index.html
https://store.google.com/?playredirect=true